0 info it worked if it ends with ok
1 verbose cli [ '/opt/nodejs/bin/node', '/opt/nodejs/bin/npm', 'run', 'build' ]
2 info using npm@4.1.2
3 info using node@v7.5.0
4 verbose stack Error: missing script: build
4 verbose stack     at run (/opt/nodejs/lib/node_modules/npm/lib/run-script.js:151:19)
4 verbose stack     at /opt/nodejs/lib/node_modules/npm/lib/run-script.js:61:5
4 verbose stack     at /opt/nodejs/lib/node_modules/npm/node_modules/read-package-json/read-json.js:356:5
4 verbose stack     at checkBinReferences_ (/opt/nodejs/lib/node_modules/npm/node_modules/read-package-json/read-json.js:320:45)
4 verbose stack     at final (/opt/nodejs/lib/node_modules/npm/node_modules/read-package-json/read-json.js:354:3)
4 verbose stack     at then (/opt/nodejs/lib/node_modules/npm/node_modules/read-package-json/read-json.js:124:5)
4 verbose stack     at ReadFileContext.<anonymous> (/opt/nodejs/lib/node_modules/npm/node_modules/read-package-json/read-json.js:295:20)
4 verbose stack     at ReadFileContext.callback (/opt/nodejs/lib/node_modules/npm/node_modules/graceful-fs/graceful-fs.js:78:16)
4 verbose stack     at FSReqWrap.readFileAfterOpen [as oncomplete] (fs.js:336:13)
5 verbose cwd /data/Documents/TEMP/Firebase-Functions_TypeScript/functions
6 error Linux 3.16.0-4-amd64
7 error argv "/opt/nodejs/bin/node" "/opt/nodejs/bin/npm" "run" "build"
8 error node v7.5.0
9 error npm  v4.1.2
10 error missing script: build
11 error If you need help, you may report this error at:
11 error     <https://github.com/npm/npm/issues>
12 verbose exit [ 1, true ]
